<?xml version="1.0" encoding="UTF-8"?>
<!-- Generated by org.testng.reporters.JUnitXMLReporter -->
<testsuite ignored="0" hostname="LAPTOP-UA1F7RES" failures="0" tests="6" name="Mytest" time="0.085" errors="0" timestamp="2023-10-25T14:14:08 PDT">
  <testcase classname="com.tests.testng.day1.TestNGOne" name="testing_1" time="0.012"/>
  <testcase classname="com.tests.testng.day1.TestNGOne" name="testing_2" time="0.001"/>
  <testcase classname="com.tests.testng.day1.TestNGOne" name="testing_3" time="0.001"/>
  <testcase classname="com.tests.testng.day1.TestNGTwo" name="testing_2" time="0.003"/>
  <testcase classname="com.tests.testng.day1.TestNGTwo" name="testing_3" time="0.001"/>
  <testcase classname="com.tests.testng.day1.TestNGTwo" name="testing_1" time="0.002"/>
</testsuite> <!-- Mytest -->
