<?xml version="1.0" encoding="UTF-8"?>
<!-- Generated by org.testng.reporters.JUnitXMLReporter -->
<testsuite ignored="4" hostname="LAPTOP-UA1F7RES" failures="0" tests="4" name="Test1" time="0.053" errors="0" timestamp="2023-10-20T03:26:40 PDT">
  <testcase classname="com.test.testng.AfterBefore_testNG1" name="testing_1" time="0.004"/>
  <testcase classname="com.test.testng.AfterBefore_testNG1" name="testing_2" time="0.001"/>
  <testcase classname="com.test.testng.AfterBefore_testNG1" name="testing_3" time="0.001"/>
  <testcase classname="com.test.testng.AfterBefore_NG2" name="testing" time="0.001"/>
  <testcase classname="com.test.testng.BaseTestNG" name="@BeforeSuite startUpSuit" time="0.0">
    <ignored/>
  </testcase> <!-- @BeforeSuite startUpSuit -->
  <testcase classname="com.test.testng.BaseTestNG" name="@AfterSuite EndUpSuit" time="0.0">
    <ignored/>
  </testcase> <!-- @AfterSuite EndUpSuit -->
  <testcase classname="com.test.testng.BaseTestNG" name="@AfterTest EndUpTest" time="0.0">
    <ignored/>
  </testcase> <!-- @AfterTest EndUpTest -->
  <testcase classname="com.test.testng.BaseTestNG" name="@BeforeTest startUpTest" time="0.0">
    <ignored/>
  </testcase> <!-- @BeforeTest startUpTest -->
</testsuite> <!-- Test1 -->
